Determining if the pthread_create exist failed with the following output:
Change Dir: /home/drinkingcoder/Documents/rgbd-slam/partII/cmake-build-debug/CMakeFiles/CMakeTmp

Run Build Command:"/usr/bin/make" "cmTC_49df3/fast"
/usr/bin/make -f CMakeFiles/cmTC_49df3.dir/build.make CMakeFiles/cmTC_49df3.dir/build
make[1]: Entering directory `/home/drinkingcoder/Documents/rgbd-slam/partII/cmake-build-debug/CMakeFiles/CMakeTmp'
Building C object CMakeFiles/cmTC_49df3.dir/CheckSymbolExists.c.o
/usr/bin/cc    -o CMakeFiles/cmTC_49df3.dir/CheckSymbolExists.c.o   -c /home/drinkingcoder/Documents/rgbd-slam/partII/cmake-build-debug/CMakeFiles/CMakeTmp/CheckSymbolExists.c
Linking C executable cmTC_49df3
/home/drinkingcoder/Documents/Libs/clion-2017.2.2/bin/cmake/bin/cmake -E cmake_link_script CMakeFiles/cmTC_49df3.dir/link.txt --verbose=1
/usr/bin/cc      -rdynamic CMakeFiles/cmTC_49df3.dir/CheckSymbolExists.c.o  -o cmTC_49df3 
CMakeFiles/cmTC_49df3.dir/CheckSymbolExists.c.o: In function `main':
CheckSymbolExists.c:(.text+0x16): undefined reference to `pthread_create'
collect2: error: ld returned 1 exit status
make[1]: *** [cmTC_49df3] Error 1
make[1]: Leaving directory `/home/drinkingcoder/Documents/rgbd-slam/partII/cmake-build-debug/CMakeFiles/CMakeTmp'
make: *** [cmTC_49df3/fast] Error 2

File /home/drinkingcoder/Documents/rgbd-slam/partII/cmake-build-debug/CMakeFiles/CMakeTmp/CheckSymbolExists.c:
/* */
#include <pthread.h>

int main(int argc, char** argv)
{
  (void)argv;
#ifndef pthread_create
  return ((int*)(&pthread_create))[argc];
#else
  (void)argc;
  return 0;
#endif
}

Determining if the function pthread_create exists in the pthreads failed with the following output:
Change Dir: /home/drinkingcoder/Documents/rgbd-slam/partII/cmake-build-debug/CMakeFiles/CMakeTmp

Run Build Command:"/usr/bin/make" "cmTC_053dc/fast"
/usr/bin/make -f CMakeFiles/cmTC_053dc.dir/build.make CMakeFiles/cmTC_053dc.dir/build
make[1]: Entering directory `/home/drinkingcoder/Documents/rgbd-slam/partII/cmake-build-debug/CMakeFiles/CMakeTmp'
Building C object CMakeFiles/cmTC_053dc.dir/CheckFunctionExists.c.o
/usr/bin/cc   -DCHECK_FUNCTION_EXISTS=pthread_create   -o CMakeFiles/cmTC_053dc.dir/CheckFunctionExists.c.o   -c /home/drinkingcoder/Documents/Libs/clion-2017.2.2/bin/cmake/share/cmake-3.8/Modules/CheckFunctionExists.c
Linking C executable cmTC_053dc
/home/drinkingcoder/Documents/Libs/clion-2017.2.2/bin/cmake/bin/cmake -E cmake_link_script CMakeFiles/cmTC_053dc.dir/link.txt --verbose=1
/usr/bin/cc  -DCHECK_FUNCTION_EXISTS=pthread_create    -rdynamic CMakeFiles/cmTC_053dc.dir/CheckFunctionExists.c.o  -o cmTC_053dc -lpthreads 
/usr/bin/ld: cannot find -lpthreads
collect2: error: ld returned 1 exit status
make[1]: *** [cmTC_053dc] Error 1
make[1]: Leaving directory `/home/drinkingcoder/Documents/rgbd-slam/partII/cmake-build-debug/CMakeFiles/CMakeTmp'
make: *** [cmTC_053dc/fast] Error 2


