Determining if the pthread_create exist failed with the following output:
Change Dir: /home/drinkingcoder/Documents/rgbd-slam/partIII/cmake-build-debug/CMakeFiles/CMakeTmp

Run Build Command:"/usr/bin/make" "cmTC_949fc/fast"
/usr/bin/make -f CMakeFiles/cmTC_949fc.dir/build.make CMakeFiles/cmTC_949fc.dir/build
make[1]: Entering directory `/home/drinkingcoder/Documents/rgbd-slam/partIII/cmake-build-debug/CMakeFiles/CMakeTmp'
Building C object CMakeFiles/cmTC_949fc.dir/CheckSymbolExists.c.o
/usr/bin/cc    -o CMakeFiles/cmTC_949fc.dir/CheckSymbolExists.c.o   -c /home/drinkingcoder/Documents/rgbd-slam/partIII/cmake-build-debug/CMakeFiles/CMakeTmp/CheckSymbolExists.c
Linking C executable cmTC_949fc
/home/drinkingcoder/Documents/Libs/clion-2017.2.2/bin/cmake/bin/cmake -E cmake_link_script CMakeFiles/cmTC_949fc.dir/link.txt --verbose=1
/usr/bin/cc      -rdynamic CMakeFiles/cmTC_949fc.dir/CheckSymbolExists.c.o  -o cmTC_949fc 
CMakeFiles/cmTC_949fc.dir/CheckSymbolExists.c.o: In function `main':
CheckSymbolExists.c:(.text+0x16): undefined reference to `pthread_create'
collect2: error: ld returned 1 exit status
make[1]: *** [cmTC_949fc] Error 1
make[1]: Leaving directory `/home/drinkingcoder/Documents/rgbd-slam/partIII/cmake-build-debug/CMakeFiles/CMakeTmp'
make: *** [cmTC_949fc/fast] Error 2

File /home/drinkingcoder/Documents/rgbd-slam/partIII/cmake-build-debug/CMakeFiles/CMakeTmp/CheckSymbolExists.c:
/* */
#include <pthread.h>

int main(int argc, char** argv)
{
  (void)argv;
#ifndef pthread_create
  return ((int*)(&pthread_create))[argc];
#else
  (void)argc;
  return 0;
#endif
}

Determining if the function pthread_create exists in the pthreads failed with the following output:
Change Dir: /home/drinkingcoder/Documents/rgbd-slam/partIII/cmake-build-debug/CMakeFiles/CMakeTmp

Run Build Command:"/usr/bin/make" "cmTC_29fb4/fast"
/usr/bin/make -f CMakeFiles/cmTC_29fb4.dir/build.make CMakeFiles/cmTC_29fb4.dir/build
make[1]: Entering directory `/home/drinkingcoder/Documents/rgbd-slam/partIII/cmake-build-debug/CMakeFiles/CMakeTmp'
Building C object CMakeFiles/cmTC_29fb4.dir/CheckFunctionExists.c.o
/usr/bin/cc   -DCHECK_FUNCTION_EXISTS=pthread_create   -o CMakeFiles/cmTC_29fb4.dir/CheckFunctionExists.c.o   -c /home/drinkingcoder/Documents/Libs/clion-2017.2.2/bin/cmake/share/cmake-3.8/Modules/CheckFunctionExists.c
Linking C executable cmTC_29fb4
/home/drinkingcoder/Documents/Libs/clion-2017.2.2/bin/cmake/bin/cmake -E cmake_link_script CMakeFiles/cmTC_29fb4.dir/link.txt --verbose=1
/usr/bin/cc  -DCHECK_FUNCTION_EXISTS=pthread_create    -rdynamic CMakeFiles/cmTC_29fb4.dir/CheckFunctionExists.c.o  -o cmTC_29fb4 -lpthreads 
/usr/bin/ld: cannot find -lpthreads
collect2: error: ld returned 1 exit status
make[1]: *** [cmTC_29fb4] Error 1
make[1]: Leaving directory `/home/drinkingcoder/Documents/rgbd-slam/partIII/cmake-build-debug/CMakeFiles/CMakeTmp'
make: *** [cmTC_29fb4/fast] Error 2


